<?xml version="1.0" encoding="UTF-8"?>
<testng-results skipped="0" failed="0" ignored="0" total="1" passed="1">
  <reporter-output>
  </reporter-output>
  <suite name="Suite" duration-ms="25" started-at="2020-11-22T15:35:26Z" finished-at="2020-11-22T15:35:26Z">
    <groups>
    </groups>
    <test name="Test" duration-ms="25" started-at="2020-11-22T15:35:26Z" finished-at="2020-11-22T15:35:26Z">
      <class name="testAnt.AntClass">
        <test-method status="PASS" signature="AntTestNGMethod()[pri:0, instance:testAnt.AntClass@13deb50e]" name="AntTestNGMethod" duration-ms="11" started-at="2020-11-22T15:35:26Z" finished-at="2020-11-22T15:35:26Z">
          <reporter-output>
          </reporter-output>
        </test-method> <!-- AntTestNGMethod -->
      </class> <!-- testAnt.AntClass -->
    </test> <!-- Test -->
  </suite> <!-- Suite -->
</testng-results>
