<?xml version="1.0" encoding="UTF-8"?>
<testng-results skipped="0" failed="0" ignored="1" total="3" passed="2">
  <reporter-output>
  </reporter-output>
  <suite name="Suite" duration-ms="3749" started-at="2020-11-08T16:06:02 UTC" finished-at="2020-11-08T16:06:06 UTC">
    <groups>
    </groups>
    <test name="Test" duration-ms="3749" started-at="2020-11-08T16:06:02 UTC" finished-at="2020-11-08T16:06:06 UTC">
      <class name="Testcases.Test_02">
        <test-method status="PASS" signature="baseclass1()[pri:0, instance:Testcases.Test_02@67205a84]" name="baseclass1" is-config="true" duration-ms="1537" started-at="2020-11-08T16:06:02 UTC" finished-at="2020-11-08T16:06:04 UTC">
          <reporter-output>
          </reporter-output>
        </test-method> <!-- baseclass1 -->
        <test-method status="PASS" signature="t_002()[pri:0, instance:Testcases.Test_02@67205a84]" name="t_002" duration-ms="253" started-at="2020-11-08T16:06:04 UTC" finished-at="2020-11-08T16:06:04 UTC">
          <reporter-output>
          </reporter-output>
        </test-method> <!-- t_002 -->
        <test-method status="PASS" signature="quitDriver()[pri:0, instance:Testcases.Test_02@67205a84]" name="quitDriver" is-config="true" duration-ms="124" started-at="2020-11-08T16:06:04 UTC" finished-at="2020-11-08T16:06:04 UTC">
          <reporter-output>
          </reporter-output>
        </test-method> <!-- quitDriver -->
        <test-method status="FAIL" signature="generateReport()[pri:0, instance:Testcases.Test_02@67205a84]" name="generateReport" is-config="true" duration-ms="1005" started-at="2020-11-08T16:06:06 UTC" finished-at="2020-11-08T16:06:07 UTC">
          <exception class="java.lang.NoClassDefFoundError">
            <message>
              <![CDATA[com/sun/image/codec/jpeg/JPEGCodec]]>
            </message>
            <full-stacktrace>
              <![CDATA[java.lang.NoClassDefFoundError: com/sun/image/codec/jpeg/JPEGCodec
at org.jfree.chart.encoders.SunJPEGEncoderAdapter.encode(SunJPEGEncoderAdapter.java:128)
at org.jfree.chart.encoders.EncoderUtil.writeBufferedImage(EncoderUtil.java:144)
at org.jfree.chart.ChartUtilities.writeChartAsJPEG(ChartUtilities.java:426)
at org.jfree.chart.ChartUtilities.writeChartAsJPEG(ChartUtilities.java:374)
at org.automationtesting.excelreport.Xl.generateReport(Xl.java:130)
at base.Baseclass.generateReport(Baseclass.java:31)
at sun.reflect.NativeMethodAccessorImpl.invoke0(Native Method)
at sun.reflect.NativeMethodAccessorImpl.invoke(NativeMethodAccessorImpl.java:62)
at sun.reflect.DelegatingMethodAccessorImpl.invoke(DelegatingMethodAccessorImpl.java:43)
at java.lang.reflect.Method.invoke(Method.java:498)
at org.testng.internal.MethodInvocationHelper.invokeMethod(MethodInvocationHelper.java:132)
at org.testng.internal.MethodInvocationHelper.invokeMethodConsideringTimeout(MethodInvocationHelper.java:61)
at org.testng.internal.ConfigInvoker.invokeConfigurationMethod(ConfigInvoker.java:366)
at org.testng.internal.ConfigInvoker.invokeConfigurations(ConfigInvoker.java:320)
at org.testng.SuiteRunner.privateRun(SuiteRunner.java:351)
at org.testng.SuiteRunner.run(SuiteRunner.java:286)
at org.testng.SuiteRunnerWorker.runSuite(SuiteRunnerWorker.java:53)
at org.testng.SuiteRunnerWorker.run(SuiteRunnerWorker.java:96)
at org.testng.TestNG.runSuitesSequentially(TestNG.java:1218)
at org.testng.TestNG.runSuitesLocally(TestNG.java:1140)
at org.testng.TestNG.runSuites(TestNG.java:1069)
at org.testng.TestNG.run(TestNG.java:1037)
at org.testng.remote.AbstractRemoteTestNG.run(AbstractRemoteTestNG.java:115)
at org.testng.remote.RemoteTestNG.initAndRun(RemoteTestNG.java:251)
at org.testng.remote.RemoteTestNG.main(RemoteTestNG.java:77)
Caused by: java.lang.ClassNotFoundException: com.sun.image.codec.jpeg.JPEGCodec
at java.net.URLClassLoader.findClass(URLClassLoader.java:382)
at java.lang.ClassLoader.loadClass(ClassLoader.java:418)
at sun.misc.Launcher$AppClassLoader.loadClass(Launcher.java:352)
at java.lang.ClassLoader.loadClass(ClassLoader.java:351)
... 25 more
]]>
            </full-stacktrace>
          </exception> <!-- java.lang.NoClassDefFoundError -->
          <reporter-output>
          </reporter-output>
        </test-method> <!-- generateReport -->
      </class> <!-- Testcases.Test_02 -->
      <class name="Testcases.Test_01">
        <test-method status="PASS" signature="baseclass1()[pri:0, instance:Testcases.Test_01@7d0587f1]" name="baseclass1" is-config="true" duration-ms="1183" started-at="2020-11-08T16:06:04 UTC" finished-at="2020-11-08T16:06:06 UTC">
          <reporter-output>
          </reporter-output>
        </test-method> <!-- baseclass1 -->
        <test-method status="PASS" signature="t_001()[pri:0, instance:Testcases.Test_01@7d0587f1]" name="t_001" duration-ms="494" started-at="2020-11-08T16:06:06 UTC" finished-at="2020-11-08T16:06:06 UTC">
          <reporter-output>
          </reporter-output>
        </test-method> <!-- t_001 -->
        <test-method status="PASS" signature="quitDriver()[pri:0, instance:Testcases.Test_01@7d0587f1]" name="quitDriver" is-config="true" duration-ms="119" started-at="2020-11-08T16:06:06 UTC" finished-at="2020-11-08T16:06:06 UTC">
          <reporter-output>
          </reporter-output>
        </test-method> <!-- quitDriver -->
      </class> <!-- Testcases.Test_01 -->
    </test> <!-- Test -->
  </suite> <!-- Suite -->
</testng-results>
