<?xml version="1.0" encoding="UTF-8"?>
<testng-results skipped="0" failed="0" ignored="0" total="1" passed="1">
  <reporter-output>
  </reporter-output>
  <suite name="Default suite" duration-ms="4665" started-at="2020-11-08T15:11:08 UTC" finished-at="2020-11-08T15:11:12 UTC">
    <groups>
    </groups>
    <test name="Default test" duration-ms="4665" started-at="2020-11-08T15:11:08 UTC" finished-at="2020-11-08T15:11:12 UTC">
      <class name="ExtenReport">
        <test-method status="PASS" signature="test()[pri:0, instance:ExtenReport@1dfe2924]" name="test" duration-ms="4602" started-at="2020-11-08T15:11:08 UTC" finished-at="2020-11-08T15:11:12 UTC">
          <reporter-output>
          </reporter-output>
        </test-method> <!-- test -->
      </class> <!-- ExtenReport -->
    </test> <!-- Default test -->
  </suite> <!-- Default suite -->
</testng-results>
