<?xml version="1.0" encoding="UTF-8"?>
<!-- Generated by org.testng.reporters.JUnitXMLReporter -->
<testsuite hostname="ip-172-31-68-121" ignored="1" name="Test" tests="2" failures="0" timestamp="2020-11-08T16:06:06 UTC" time="3.749" errors="0">
  <testcase name="t_002" time="0.253" classname="Testcases.Test_02"/>
  <testcase name="t_001" time="0.494" classname="Testcases.Test_01"/>
  <testcase name="@AfterSuite generateReport" time="0.0" classname="base.Baseclass">
    <ignored/>
  </testcase> <!-- @AfterSuite generateReport -->
</testsuite> <!-- Test -->
