<?xml version="1.0" encoding="UTF-8"?>
<testng-results skipped="0" failed="0" ignored="0" total="1" passed="1">
  <reporter-output>
  </reporter-output>
  <suite name="Suite" duration-ms="95" started-at="2020-11-22T15:29:22 UTC" finished-at="2020-11-22T15:29:22 UTC">
    <groups>
    </groups>
    <test name="Test" duration-ms="95" started-at="2020-11-22T15:29:22 UTC" finished-at="2020-11-22T15:29:22 UTC">
      <class name="testAnt.AntClass">
        <test-method status="PASS" signature="AntTestNGMethod()[pri:0, instance:testAnt.AntClass@4f970963]" name="AntTestNGMethod" duration-ms="43" started-at="2020-11-22T15:29:22 UTC" finished-at="2020-11-22T15:29:22 UTC">
          <reporter-output>
          </reporter-output>
        </test-method> <!-- AntTestNGMethod -->
      </class> <!-- testAnt.AntClass -->
    </test> <!-- Test -->
  </suite> <!-- Suite -->
</testng-results>
