<?xml version="1.0" encoding="UTF-8"?>
<testng-results skipped="0" failed="0" ignored="0" total="1" passed="1">
  <reporter-output>
  </reporter-output>
  <suite name="Default suite" duration-ms="3704" started-at="2020-11-21T17:57:32 UTC" finished-at="2020-11-21T17:57:36 UTC">
    <groups>
    </groups>
    <test name="Default test" duration-ms="3704" started-at="2020-11-21T17:57:32 UTC" finished-at="2020-11-21T17:57:36 UTC">
      <class name="test.LaunchBrowser">
        <test-method status="PASS" signature="login()[pri:0, instance:test.LaunchBrowser@3fd7a715]" name="login" duration-ms="3646" started-at="2020-11-21T17:57:32 UTC" finished-at="2020-11-21T17:57:36 UTC">
          <reporter-output>
          </reporter-output>
        </test-method> <!-- login -->
      </class> <!-- test.LaunchBrowser -->
    </test> <!-- Default test -->
  </suite> <!-- Default suite -->
</testng-results>
